[{"line":2,"elements":[{"start_timestamp":"2022-02-03T14:11:30.395Z","before":[{"result":{"duration":2811000000,"status":"passed"},"match":{"location":"stepDefs.SignInSteps.<init>(SignInSteps.java:24)"}},{"result":{"duration":680000000,"status":"passed"},"match":{"location":"stepDefs.SignUpSteps.<init>(SignUpSteps.java:25)"}},{"result":{"duration":707000000,"status":"passed"},"match":{"location":"stepDefs.SearchSteps.<init>(SearchSteps.java:24)"}},{"result":{"duration":836000000,"status":"passed"},"match":{"location":"stepDefs.LogoutSteps.<init>(LogoutSteps.java:23)"}},{"result":{"duration":911000000,"status":"passed"},"match":{"location":"stepDefs.RemoveSteps.<init>(RemoveSteps.java:26)"}},{"result":{"duration":1350000000,"status":"passed"},"match":{"location":"stepDefs.AddSteps.<init>(AddSteps.java:24)"}}],"line":9,"name":"Perform signup with valid credentials","description":"","id":"as-a-glisshop-user-i-want-to-create-account-so-that-i-could-access-the-site;perform-signup-with-valid-credentials;;2","after":[{"result":{"duration":124000000,"status":"passed"},"match":{"location":"stepDefs.SignUpSteps.<init>(SignUpSteps.java:35)"}}],"type":"scenario","keyword":"Scenario Outline","steps":[{"result":{"duration":4607000000,"status":"passed"},"line":4,"name":"user is at the signup page","match":{"location":"stepDefs.SignUpSteps.<init>(SignUpSteps.java:40)"},"keyword":"Given "},{"result":{"duration":1657000000,"status":"passed"},"line":5,"name":"user is registered with gnanklm@gmail.com Ferd@8918 Ferd@8918","match":{"arguments":[{"val":"gnanklm@gmail.com","offset":24},{"val":"Ferd@8918","offset":42},{"val":"Ferd@8918","offset":52}],"location":"stepDefs.SignUpSteps.<init>(SignUpSteps.java:45)"},"keyword":"When "},{"result":{"duration":660000000,"status":"passed"},"line":6,"name":"he has a message confirming his account creation","match":{"arguments":[{"val":"","offset":6}],"location":"stepDefs.SignUpSteps.<init>(SignUpSteps.java:50)"},"keyword":"Then "}],"tags":[{"name":"@signUp"}]}],"name":"As a glisshop user I want to create account so that I could access the site","description":"","id":"as-a-glisshop-user-i-want-to-create-account-so-that-i-could-access-the-site","keyword":"Feature","uri":"file:src/test/res/AsignUp.feature","tags":[{"name":"@signUp","type":"Tag","location":{"line":1,"column":1}}]},{"line":2,"elements":[{"start_timestamp":"2022-02-03T14:11:44.909Z","before":[{"result":{"duration":806000000,"status":"passed"},"match":{"location":"stepDefs.SignInSteps.<init>(SignInSteps.java:24)"}},{"result":{"duration":1184000000,"status":"passed"},"match":{"location":"stepDefs.SignUpSteps.<init>(SignUpSteps.java:25)"}},{"result":{"error_message":"org.openqa.selenium.WebDriverException: unknown error: Chrome failed to start: crashed.\n  (unknown error: DevToolsActivePort file doesn't exist)\n  (The process started from chrome location /usr/bin/google-chrome is no longer running, so ChromeDriver is assuming that Chrome has crashed.)\nBuild info: version: '4.0.0-alpha-5', revision: 'b3a0d621cc'\nSystem info: host: 'LinuxSecurity', ip: '127.0.0.1', os.name: 'Linux', os.arch: 'amd64', os.version: '5.14.0-9parrot1-amd64', java.version: '1.8.0_312'\nDriver info: driver.version: ChromeDriver\nremote stacktrace: #0 0x557ae4c71ee3 <unknown>\n#1 0x557ae473f608 <unknown>\n#2 0x557ae47628ef <unknown>\n#3 0x557ae475e46f <unknown>\n#4 0x557ae4798f45 <unknown>\n#5 0x557ae4793163 <unknown>\n#6 0x557ae4768bfc <unknown>\n#7 0x557ae4769c05 <unknown>\n#8 0x557ae4ca3baa <unknown>\n#9 0x557ae4cb9651 <unknown>\n#10 0x557ae4ca4b05 <unknown>\n#11 0x557ae4cbaa68 <unknown>\n#12 0x557ae4c9905f <unknown>\n#13 0x557ae4cd5818 <unknown>\n#14 0x557ae4cd5998 <unknown>\n#15 0x557ae4cf0eed <unknown>\n#16 0x7f52dcac8ea7 <unknown>\n\n\tat sun.reflect.NativeConstructorAccessorImpl.newInstance0(Native Method)\n\tat sun.reflect.NativeConstructorAccessorImpl.newInstance(NativeConstructorAccessorImpl.java:62)\n\tat sun.reflect.DelegatingConstructorAccessorImpl.newInstance(DelegatingConstructorAccessorImpl.java:45)\n\tat java.lang.reflect.Constructor.newInstance(Constructor.java:423)\n\tat org.openqa.selenium.remote.W3CHandshakeResponse.lambda$errorHandler$0(W3CHandshakeResponse.java:62)\n\tat org.openqa.selenium.remote.HandshakeResponse.lambda$getResponseFunction$0(HandshakeResponse.java:30)\n\tat org.openqa.selenium.remote.ProtocolHandshake.lambda$createSession$1(ProtocolHandshake.java:126)\n\tat java.util.stream.ReferencePipeline$3$1.accept(ReferencePipeline.java:193)\n\tat java.util.Spliterators$ArraySpliterator.tryAdvance(Spliterators.java:958)\n\tat java.util.stream.ReferencePipeline.forEachWithCancel(ReferencePipeline.java:126)\n\tat java.util.stream.AbstractPipeline.copyIntoWithCancel(AbstractPipeline.java:499)\n\tat java.util.stream.AbstractPipeline.copyInto(AbstractPipeline.java:486)\n\tat java.util.stream.AbstractPipeline.wrapAndCopyInto(AbstractPipeline.java:472)\n\tat java.util.stream.FindOps$FindOp.evaluateSequential(FindOps.java:152)\n\tat java.util.stream.AbstractPipeline.evaluate(AbstractPipeline.java:234)\n\tat java.util.stream.ReferencePipeline.findFirst(ReferencePipeline.java:531)\n\tat org.openqa.selenium.remote.ProtocolHandshake.createSession(ProtocolHandshake.java:128)\n\tat org.openqa.selenium.remote.ProtocolHandshake.createSession(ProtocolHandshake.java:75)\n\tat org.openqa.selenium.remote.HttpCommandExecutor.execute(HttpCommandExecutor.java:139)\n\tat org.openqa.selenium.remote.service.DriverCommandExecutor.execute(DriverCommandExecutor.java:83)\n\tat org.openqa.selenium.remote.RemoteWebDriver.execute(RemoteWebDriver.java:582)\n\tat org.openqa.selenium.remote.RemoteWebDriver.startSession(RemoteWebDriver.java:216)\n\tat org.openqa.selenium.remote.RemoteWebDriver.<init>(RemoteWebDriver.java:136)\n\tat org.openqa.selenium.chromium.ChromiumDriver.<init>(ChromiumDriver.java:75)\n\tat org.openqa.selenium.chrome.ChromeDriver.<init>(ChromeDriver.java:163)\n\tat org.openqa.selenium.chrome.ChromeDriver.<init>(ChromeDriver.java:150)\n\tat org.openqa.selenium.chrome.ChromeDriver.<init>(ChromeDriver.java:105)\n\tat stepDefs.SearchSteps.lambda$new$0(SearchSteps.java:27)\n","duration":163000000,"status":"failed"},"match":{"location":"stepDefs.SearchSteps.<init>(SearchSteps.java:24)"}},{"result":{"error_message":"org.openqa.selenium.WebDriverException: unknown error: Chrome failed to start: crashed.\n  (unknown error: DevToolsActivePort file doesn't exist)\n  (The process started from chrome location /usr/bin/google-chrome is no longer running, so ChromeDriver is assuming that Chrome has crashed.)\nBuild info: version: '4.0.0-alpha-5', revision: 'b3a0d621cc'\nSystem info: host: 'LinuxSecurity', ip: '127.0.0.1', os.name: 'Linux', os.arch: 'amd64', os.version: '5.14.0-9parrot1-amd64', java.version: '1.8.0_312'\nDriver info: driver.version: ChromeDriver\nremote stacktrace: #0 0x56239a7cdee3 <unknown>\n#1 0x56239a29b608 <unknown>\n#2 0x56239a2be8ef <unknown>\n#3 0x56239a2ba46f <unknown>\n#4 0x56239a2f4f45 <unknown>\n#5 0x56239a2ef163 <unknown>\n#6 0x56239a2c4bfc <unknown>\n#7 0x56239a2c5c05 <unknown>\n#8 0x56239a7ffbaa <unknown>\n#9 0x56239a815651 <unknown>\n#10 0x56239a800b05 <unknown>\n#11 0x56239a816a68 <unknown>\n#12 0x56239a7f505f <unknown>\n#13 0x56239a831818 <unknown>\n#14 0x56239a831998 <unknown>\n#15 0x56239a84ceed <unknown>\n#16 0x7fef464ccea7 <unknown>\n\n\tat sun.reflect.NativeConstructorAccessorImpl.newInstance0(Native Method)\n\tat sun.reflect.NativeConstructorAccessorImpl.newInstance(NativeConstructorAccessorImpl.java:62)\n\tat sun.reflect.DelegatingConstructorAccessorImpl.newInstance(DelegatingConstructorAccessorImpl.java:45)\n\tat java.lang.reflect.Constructor.newInstance(Constructor.java:423)\n\tat org.openqa.selenium.remote.W3CHandshakeResponse.lambda$errorHandler$0(W3CHandshakeResponse.java:62)\n\tat org.openqa.selenium.remote.HandshakeResponse.lambda$getResponseFunction$0(HandshakeResponse.java:30)\n\tat org.openqa.selenium.remote.ProtocolHandshake.lambda$createSession$1(ProtocolHandshake.java:126)\n\tat java.util.stream.ReferencePipeline$3$1.accept(ReferencePipeline.java:193)\n\tat java.util.Spliterators$ArraySpliterator.tryAdvance(Spliterators.java:958)\n\tat java.util.stream.ReferencePipeline.forEachWithCancel(ReferencePipeline.java:126)\n\tat java.util.stream.AbstractPipeline.copyIntoWithCancel(AbstractPipeline.java:499)\n\tat java.util.stream.AbstractPipeline.copyInto(AbstractPipeline.java:486)\n\tat java.util.stream.AbstractPipeline.wrapAndCopyInto(AbstractPipeline.java:472)\n\tat java.util.stream.FindOps$FindOp.evaluateSequential(FindOps.java:152)\n\tat java.util.stream.AbstractPipeline.evaluate(AbstractPipeline.java:234)\n\tat java.util.stream.ReferencePipeline.findFirst(ReferencePipeline.java:531)\n\tat org.openqa.selenium.remote.ProtocolHandshake.createSession(ProtocolHandshake.java:128)\n\tat org.openqa.selenium.remote.ProtocolHandshake.createSession(ProtocolHandshake.java:75)\n\tat org.openqa.selenium.remote.HttpCommandExecutor.execute(HttpCommandExecutor.java:139)\n\tat org.openqa.selenium.remote.service.DriverCommandExecutor.execute(DriverCommandExecutor.java:83)\n\tat org.openqa.selenium.remote.RemoteWebDriver.execute(RemoteWebDriver.java:582)\n\tat org.openqa.selenium.remote.RemoteWebDriver.startSession(RemoteWebDriver.java:216)\n\tat org.openqa.selenium.remote.RemoteWebDriver.<init>(RemoteWebDriver.java:136)\n\tat org.openqa.selenium.chromium.ChromiumDriver.<init>(ChromiumDriver.java:75)\n\tat org.openqa.selenium.chrome.ChromeDriver.<init>(ChromeDriver.java:163)\n\tat org.openqa.selenium.chrome.ChromeDriver.<init>(ChromeDriver.java:150)\n\tat org.openqa.selenium.chrome.ChromeDriver.<init>(ChromeDriver.java:105)\n\tat stepDefs.LogoutSteps.lambda$new$0(LogoutSteps.java:26)\n","duration":155000000,"status":"failed"},"match":{"location":"stepDefs.LogoutSteps.<init>(LogoutSteps.java:23)"}},{"result":{"error_message":"org.openqa.selenium.WebDriverException: unknown error: Chrome failed to start: crashed.\n  (unknown error: DevToolsActivePort file doesn't exist)\n  (The process started from chrome location /usr/bin/google-chrome is no longer running, so ChromeDriver is assuming that Chrome has crashed.)\nBuild info: version: '4.0.0-alpha-5', revision: 'b3a0d621cc'\nSystem info: host: 'LinuxSecurity', ip: '127.0.0.1', os.name: 'Linux', os.arch: 'amd64', os.version: '5.14.0-9parrot1-amd64', java.version: '1.8.0_312'\nDriver info: driver.version: ChromeDriver\nremote stacktrace: #0 0x564ad367bee3 <unknown>\n#1 0x564ad3149608 <unknown>\n#2 0x564ad316c8ef <unknown>\n#3 0x564ad316846f <unknown>\n#4 0x564ad31a2f45 <unknown>\n#5 0x564ad319d163 <unknown>\n#6 0x564ad3172bfc <unknown>\n#7 0x564ad3173c05 <unknown>\n#8 0x564ad36adbaa <unknown>\n#9 0x564ad36c3651 <unknown>\n#10 0x564ad36aeb05 <unknown>\n#11 0x564ad36c4a68 <unknown>\n#12 0x564ad36a305f <unknown>\n#13 0x564ad36df818 <unknown>\n#14 0x564ad36df998 <unknown>\n#15 0x564ad36faeed <unknown>\n#16 0x7f296a846ea7 <unknown>\n\n\tat sun.reflect.NativeConstructorAccessorImpl.newInstance0(Native Method)\n\tat sun.reflect.NativeConstructorAccessorImpl.newInstance(NativeConstructorAccessorImpl.java:62)\n\tat sun.reflect.DelegatingConstructorAccessorImpl.newInstance(DelegatingConstructorAccessorImpl.java:45)\n\tat java.lang.reflect.Constructor.newInstance(Constructor.java:423)\n\tat org.openqa.selenium.remote.W3CHandshakeResponse.lambda$errorHandler$0(W3CHandshakeResponse.java:62)\n\tat org.openqa.selenium.remote.HandshakeResponse.lambda$getResponseFunction$0(HandshakeResponse.java:30)\n\tat org.openqa.selenium.remote.ProtocolHandshake.lambda$createSession$1(ProtocolHandshake.java:126)\n\tat java.util.stream.ReferencePipeline$3$1.accept(ReferencePipeline.java:193)\n\tat java.util.Spliterators$ArraySpliterator.tryAdvance(Spliterators.java:958)\n\tat java.util.stream.ReferencePipeline.forEachWithCancel(ReferencePipeline.java:126)\n\tat java.util.stream.AbstractPipeline.copyIntoWithCancel(AbstractPipeline.java:499)\n\tat java.util.stream.AbstractPipeline.copyInto(AbstractPipeline.java:486)\n\tat java.util.stream.AbstractPipeline.wrapAndCopyInto(AbstractPipeline.java:472)\n\tat java.util.stream.FindOps$FindOp.evaluateSequential(FindOps.java:152)\n\tat java.util.stream.AbstractPipeline.evaluate(AbstractPipeline.java:234)\n\tat java.util.stream.ReferencePipeline.findFirst(ReferencePipeline.java:531)\n\tat org.openqa.selenium.remote.ProtocolHandshake.createSession(ProtocolHandshake.java:128)\n\tat org.openqa.selenium.remote.ProtocolHandshake.createSession(ProtocolHandshake.java:75)\n\tat org.openqa.selenium.remote.HttpCommandExecutor.execute(HttpCommandExecutor.java:139)\n\tat org.openqa.selenium.remote.service.DriverCommandExecutor.execute(DriverCommandExecutor.java:83)\n\tat org.openqa.selenium.remote.RemoteWebDriver.execute(RemoteWebDriver.java:582)\n\tat org.openqa.selenium.remote.RemoteWebDriver.startSession(RemoteWebDriver.java:216)\n\tat org.openqa.selenium.remote.RemoteWebDriver.<init>(RemoteWebDriver.java:136)\n\tat org.openqa.selenium.chromium.ChromiumDriver.<init>(ChromiumDriver.java:75)\n\tat org.openqa.selenium.chrome.ChromeDriver.<init>(ChromeDriver.java:163)\n\tat org.openqa.selenium.chrome.ChromeDriver.<init>(ChromeDriver.java:150)\n\tat org.openqa.selenium.chrome.ChromeDriver.<init>(ChromeDriver.java:105)\n\tat stepDefs.RemoveSteps.lambda$new$0(RemoveSteps.java:29)\n","duration":209000000,"status":"failed"},"match":{"location":"stepDefs.RemoveSteps.<init>(RemoveSteps.java:26)"}},{"result":{"error_message":"org.openqa.selenium.WebDriverException: unknown error: Chrome failed to start: crashed.\n  (unknown error: DevToolsActivePort file doesn't exist)\n  (The process started from chrome location /usr/bin/google-chrome is no longer running, so ChromeDriver is assuming that Chrome has crashed.)\nBuild info: version: '4.0.0-alpha-5', revision: 'b3a0d621cc'\nSystem info: host: 'LinuxSecurity', ip: '127.0.0.1', os.name: 'Linux', os.arch: 'amd64', os.version: '5.14.0-9parrot1-amd64', java.version: '1.8.0_312'\nDriver info: driver.version: ChromeDriver\nremote stacktrace: #0 0x55df62935ee3 <unknown>\n#1 0x55df62403608 <unknown>\n#2 0x55df624268ef <unknown>\n#3 0x55df6242246f <unknown>\n#4 0x55df6245cf45 <unknown>\n#5 0x55df62457163 <unknown>\n#6 0x55df6242cbfc <unknown>\n#7 0x55df6242dc05 <unknown>\n#8 0x55df62967baa <unknown>\n#9 0x55df6297d651 <unknown>\n#10 0x55df62968b05 <unknown>\n#11 0x55df6297ea68 <unknown>\n#12 0x55df6295d05f <unknown>\n#13 0x55df62999818 <unknown>\n#14 0x55df62999998 <unknown>\n#15 0x55df629b4eed <unknown>\n#16 0x7f7380462ea7 <unknown>\n\n\tat sun.reflect.NativeConstructorAccessorImpl.newInstance0(Native Method)\n\tat sun.reflect.NativeConstructorAccessorImpl.newInstance(NativeConstructorAccessorImpl.java:62)\n\tat sun.reflect.DelegatingConstructorAccessorImpl.newInstance(DelegatingConstructorAccessorImpl.java:45)\n\tat java.lang.reflect.Constructor.newInstance(Constructor.java:423)\n\tat org.openqa.selenium.remote.W3CHandshakeResponse.lambda$errorHandler$0(W3CHandshakeResponse.java:62)\n\tat org.openqa.selenium.remote.HandshakeResponse.lambda$getResponseFunction$0(HandshakeResponse.java:30)\n\tat org.openqa.selenium.remote.ProtocolHandshake.lambda$createSession$1(ProtocolHandshake.java:126)\n\tat java.util.stream.ReferencePipeline$3$1.accept(ReferencePipeline.java:193)\n\tat java.util.Spliterators$ArraySpliterator.tryAdvance(Spliterators.java:958)\n\tat java.util.stream.ReferencePipeline.forEachWithCancel(ReferencePipeline.java:126)\n\tat java.util.stream.AbstractPipeline.copyIntoWithCancel(AbstractPipeline.java:499)\n\tat java.util.stream.AbstractPipeline.copyInto(AbstractPipeline.java:486)\n\tat java.util.stream.AbstractPipeline.wrapAndCopyInto(AbstractPipeline.java:472)\n\tat java.util.stream.FindOps$FindOp.evaluateSequential(FindOps.java:152)\n\tat java.util.stream.AbstractPipeline.evaluate(AbstractPipeline.java:234)\n\tat java.util.stream.ReferencePipeline.findFirst(ReferencePipeline.java:531)\n\tat org.openqa.selenium.remote.ProtocolHandshake.createSession(ProtocolHandshake.java:128)\n\tat org.openqa.selenium.remote.ProtocolHandshake.createSession(ProtocolHandshake.java:75)\n\tat org.openqa.selenium.remote.HttpCommandExecutor.execute(HttpCommandExecutor.java:139)\n\tat org.openqa.selenium.remote.service.DriverCommandExecutor.execute(DriverCommandExecutor.java:83)\n\tat org.openqa.selenium.remote.RemoteWebDriver.execute(RemoteWebDriver.java:582)\n\tat org.openqa.selenium.remote.RemoteWebDriver.startSession(RemoteWebDriver.java:216)\n\tat org.openqa.selenium.remote.RemoteWebDriver.<init>(RemoteWebDriver.java:136)\n\tat org.openqa.selenium.chromium.ChromiumDriver.<init>(ChromiumDriver.java:75)\n\tat org.openqa.selenium.chrome.ChromeDriver.<init>(ChromeDriver.java:163)\n\tat org.openqa.selenium.chrome.ChromeDriver.<init>(ChromeDriver.java:150)\n\tat org.openqa.selenium.chrome.ChromeDriver.<init>(ChromeDriver.java:105)\n\tat stepDefs.AddSteps.lambda$new$0(AddSteps.java:27)\n","duration":145000000,"status":"failed"},"match":{"location":"stepDefs.AddSteps.<init>(AddSteps.java:24)"}}],"line":9,"name":"Perform login with valid credentials","description":"","id":"as-a-glisshop-user-i-want-to-log-in-to-my-account;perform-login-with-valid-credentials;;2","after":[{"result":{"duration":125000000,"status":"passed"},"match":{"location":"stepDefs.SignUpSteps.<init>(SignUpSteps.java:35)"}}],"type":"scenario","keyword":"Scenario Outline","steps":[{"result":{"status":"skipped"},"line":4,"name":"user is at the login page","match":{"location":"stepDefs.SignInSteps.<init>(SignInSteps.java:35)"},"keyword":"Given "},{"result":{"duration":1000000,"status":"skipped"},"line":5,"name":"user is logging-in with gnanklm@gmail.com Ferd@8918","match":{"arguments":[{"val":"gnanklm@gmail.com","offset":24},{"val":"Ferd@8918","offset":42}],"location":"stepDefs.SignInSteps.<init>(SignInSteps.java:41)"},"keyword":"When "},{"result":{"status":"skipped"},"line":6,"name":"he should be at the account page","match":{"arguments":[{"val":"","offset":9}],"location":"stepDefs.SignInSteps.<init>(SignInSteps.java:46)"},"keyword":"Then "}],"tags":[{"name":"@signIn"}]}],"name":"As a glisshop user I want to log in to my account","description":"","id":"as-a-glisshop-user-i-want-to-log-in-to-my-account","keyword":"Feature","uri":"file:src/test/res/BsignIn.feature","tags":[{"name":"@signIn","type":"Tag","location":{"line":1,"column":1}}]},{"line":2,"elements":[{"start_timestamp":"2022-02-03T14:11:47.788Z","before":[{"result":{"duration":735000000,"status":"passed"},"match":{"location":"stepDefs.SignInSteps.<init>(SignInSteps.java:24)"}},{"result":{"error_message":"org.openqa.selenium.WebDriverException: unknown error: Chrome failed to start: crashed.\n  (unknown error: DevToolsActivePort file doesn't exist)\n  (The process started from chrome location /usr/bin/google-chrome is no longer running, so ChromeDriver is assuming that Chrome has crashed.)\nBuild info: version: '4.0.0-alpha-5', revision: 'b3a0d621cc'\nSystem info: host: 'LinuxSecurity', ip: '127.0.0.1', os.name: 'Linux', os.arch: 'amd64', os.version: '5.14.0-9parrot1-amd64', java.version: '1.8.0_312'\nDriver info: driver.version: ChromeDriver\nremote stacktrace: #0 0x555f502e9ee3 <unknown>\n#1 0x555f4fdb7608 <unknown>\n#2 0x555f4fdda8ef <unknown>\n#3 0x555f4fdd646f <unknown>\n#4 0x555f4fe10f45 <unknown>\n#5 0x555f4fe0b163 <unknown>\n#6 0x555f4fde0bfc <unknown>\n#7 0x555f4fde1c05 <unknown>\n#8 0x555f5031bbaa <unknown>\n#9 0x555f50331651 <unknown>\n#10 0x555f5031cb05 <unknown>\n#11 0x555f50332a68 <unknown>\n#12 0x555f5031105f <unknown>\n#13 0x555f5034d818 <unknown>\n#14 0x555f5034d998 <unknown>\n#15 0x555f50368eed <unknown>\n#16 0x7fddda1daea7 <unknown>\n\n\tat sun.reflect.NativeConstructorAccessorImpl.newInstance0(Native Method)\n\tat sun.reflect.NativeConstructorAccessorImpl.newInstance(NativeConstructorAccessorImpl.java:62)\n\tat sun.reflect.DelegatingConstructorAccessorImpl.newInstance(DelegatingConstructorAccessorImpl.java:45)\n\tat java.lang.reflect.Constructor.newInstance(Constructor.java:423)\n\tat org.openqa.selenium.remote.W3CHandshakeResponse.lambda$errorHandler$0(W3CHandshakeResponse.java:62)\n\tat org.openqa.selenium.remote.HandshakeResponse.lambda$getResponseFunction$0(HandshakeResponse.java:30)\n\tat org.openqa.selenium.remote.ProtocolHandshake.lambda$createSession$1(ProtocolHandshake.java:126)\n\tat java.util.stream.ReferencePipeline$3$1.accept(ReferencePipeline.java:193)\n\tat java.util.Spliterators$ArraySpliterator.tryAdvance(Spliterators.java:958)\n\tat java.util.stream.ReferencePipeline.forEachWithCancel(ReferencePipeline.java:126)\n\tat java.util.stream.AbstractPipeline.copyIntoWithCancel(AbstractPipeline.java:499)\n\tat java.util.stream.AbstractPipeline.copyInto(AbstractPipeline.java:486)\n\tat java.util.stream.AbstractPipeline.wrapAndCopyInto(AbstractPipeline.java:472)\n\tat java.util.stream.FindOps$FindOp.evaluateSequential(FindOps.java:152)\n\tat java.util.stream.AbstractPipeline.evaluate(AbstractPipeline.java:234)\n\tat java.util.stream.ReferencePipeline.findFirst(ReferencePipeline.java:531)\n\tat org.openqa.selenium.remote.ProtocolHandshake.createSession(ProtocolHandshake.java:128)\n\tat org.openqa.selenium.remote.ProtocolHandshake.createSession(ProtocolHandshake.java:75)\n\tat org.openqa.selenium.remote.HttpCommandExecutor.execute(HttpCommandExecutor.java:139)\n\tat org.openqa.selenium.remote.service.DriverCommandExecutor.execute(DriverCommandExecutor.java:83)\n\tat org.openqa.selenium.remote.RemoteWebDriver.execute(RemoteWebDriver.java:582)\n\tat org.openqa.selenium.remote.RemoteWebDriver.startSession(RemoteWebDriver.java:216)\n\tat org.openqa.selenium.remote.RemoteWebDriver.<init>(RemoteWebDriver.java:136)\n\tat org.openqa.selenium.chromium.ChromiumDriver.<init>(ChromiumDriver.java:75)\n\tat org.openqa.selenium.chrome.ChromeDriver.<init>(ChromeDriver.java:163)\n\tat org.openqa.selenium.chrome.ChromeDriver.<init>(ChromeDriver.java:150)\n\tat org.openqa.selenium.chrome.ChromeDriver.<init>(ChromeDriver.java:105)\n\tat stepDefs.SignUpSteps.lambda$new$0(SignUpSteps.java:28)\n","duration":226000000,"status":"failed"},"match":{"location":"stepDefs.SignUpSteps.<init>(SignUpSteps.java:25)"}},{"result":{"error_message":"org.openqa.selenium.WebDriverException: unknown error: Chrome failed to start: crashed.\n  (unknown error: DevToolsActivePort file doesn't exist)\n  (The process started from chrome location /usr/bin/google-chrome is no longer running, so ChromeDriver is assuming that Chrome has crashed.)\nBuild info: version: '4.0.0-alpha-5', revision: 'b3a0d621cc'\nSystem info: host: 'LinuxSecurity', ip: '127.0.0.1', os.name: 'Linux', os.arch: 'amd64', os.version: '5.14.0-9parrot1-amd64', java.version: '1.8.0_312'\nDriver info: driver.version: ChromeDriver\nremote stacktrace: #0 0x5604392c8ee3 <unknown>\n#1 0x560438d96608 <unknown>\n#2 0x560438db98ef <unknown>\n#3 0x560438db546f <unknown>\n#4 0x560438deff45 <unknown>\n#5 0x560438dea163 <unknown>\n#6 0x560438dbfbfc <unknown>\n#7 0x560438dc0c05 <unknown>\n#8 0x5604392fabaa <unknown>\n#9 0x560439310651 <unknown>\n#10 0x5604392fbb05 <unknown>\n#11 0x560439311a68 <unknown>\n#12 0x5604392f005f <unknown>\n#13 0x56043932c818 <unknown>\n#14 0x56043932c998 <unknown>\n#15 0x560439347eed <unknown>\n#16 0x7ff3e2952ea7 <unknown>\n\n\tat sun.reflect.NativeConstructorAccessorImpl.newInstance0(Native Method)\n\tat sun.reflect.NativeConstructorAccessorImpl.newInstance(NativeConstructorAccessorImpl.java:62)\n\tat sun.reflect.DelegatingConstructorAccessorImpl.newInstance(DelegatingConstructorAccessorImpl.java:45)\n\tat java.lang.reflect.Constructor.newInstance(Constructor.java:423)\n\tat org.openqa.selenium.remote.W3CHandshakeResponse.lambda$errorHandler$0(W3CHandshakeResponse.java:62)\n\tat org.openqa.selenium.remote.HandshakeResponse.lambda$getResponseFunction$0(HandshakeResponse.java:30)\n\tat org.openqa.selenium.remote.ProtocolHandshake.lambda$createSession$1(ProtocolHandshake.java:126)\n\tat java.util.stream.ReferencePipeline$3$1.accept(ReferencePipeline.java:193)\n\tat java.util.Spliterators$ArraySpliterator.tryAdvance(Spliterators.java:958)\n\tat java.util.stream.ReferencePipeline.forEachWithCancel(ReferencePipeline.java:126)\n\tat java.util.stream.AbstractPipeline.copyIntoWithCancel(AbstractPipeline.java:499)\n\tat java.util.stream.AbstractPipeline.copyInto(AbstractPipeline.java:486)\n\tat java.util.stream.AbstractPipeline.wrapAndCopyInto(AbstractPipeline.java:472)\n\tat java.util.stream.FindOps$FindOp.evaluateSequential(FindOps.java:152)\n\tat java.util.stream.AbstractPipeline.evaluate(AbstractPipeline.java:234)\n\tat java.util.stream.ReferencePipeline.findFirst(ReferencePipeline.java:531)\n\tat org.openqa.selenium.remote.ProtocolHandshake.createSession(ProtocolHandshake.java:128)\n\tat org.openqa.selenium.remote.ProtocolHandshake.createSession(ProtocolHandshake.java:75)\n\tat org.openqa.selenium.remote.HttpCommandExecutor.execute(HttpCommandExecutor.java:139)\n\tat org.openqa.selenium.remote.service.DriverCommandExecutor.execute(DriverCommandExecutor.java:83)\n\tat org.openqa.selenium.remote.RemoteWebDriver.execute(RemoteWebDriver.java:582)\n\tat org.openqa.selenium.remote.RemoteWebDriver.startSession(RemoteWebDriver.java:216)\n\tat org.openqa.selenium.remote.RemoteWebDriver.<init>(RemoteWebDriver.java:136)\n\tat org.openqa.selenium.chromium.ChromiumDriver.<init>(ChromiumDriver.java:75)\n\tat org.openqa.selenium.chrome.ChromeDriver.<init>(ChromeDriver.java:163)\n\tat org.openqa.selenium.chrome.ChromeDriver.<init>(ChromeDriver.java:150)\n\tat org.openqa.selenium.chrome.ChromeDriver.<init>(ChromeDriver.java:105)\n\tat stepDefs.SearchSteps.lambda$new$0(SearchSteps.java:27)\n","duration":145000000,"status":"failed"},"match":{"location":"stepDefs.SearchSteps.<init>(SearchSteps.java:24)"}},{"result":{"error_message":"org.openqa.selenium.WebDriverException: unknown error: Chrome failed to start: crashed.\n  (unknown error: DevToolsActivePort file doesn't exist)\n  (The process started from chrome location /usr/bin/google-chrome is no longer running, so ChromeDriver is assuming that Chrome has crashed.)\nBuild info: version: '4.0.0-alpha-5', revision: 'b3a0d621cc'\nSystem info: host: 'LinuxSecurity', ip: '127.0.0.1', os.name: 'Linux', os.arch: 'amd64', os.version: '5.14.0-9parrot1-amd64', java.version: '1.8.0_312'\nDriver info: driver.version: ChromeDriver\nremote stacktrace: #0 0x559566835ee3 <unknown>\n#1 0x559566303608 <unknown>\n#2 0x5595663268ef <unknown>\n#3 0x55956632246f <unknown>\n#4 0x55956635cf45 <unknown>\n#5 0x559566357163 <unknown>\n#6 0x55956632cbfc <unknown>\n#7 0x55956632dc05 <unknown>\n#8 0x559566867baa <unknown>\n#9 0x55956687d651 <unknown>\n#10 0x559566868b05 <unknown>\n#11 0x55956687ea68 <unknown>\n#12 0x55956685d05f <unknown>\n#13 0x559566899818 <unknown>\n#14 0x559566899998 <unknown>\n#15 0x5595668b4eed <unknown>\n#16 0x7fb020e35ea7 <unknown>\n\n\tat sun.reflect.NativeConstructorAccessorImpl.newInstance0(Native Method)\n\tat sun.reflect.NativeConstructorAccessorImpl.newInstance(NativeConstructorAccessorImpl.java:62)\n\tat sun.reflect.DelegatingConstructorAccessorImpl.newInstance(DelegatingConstructorAccessorImpl.java:45)\n\tat java.lang.reflect.Constructor.newInstance(Constructor.java:423)\n\tat org.openqa.selenium.remote.W3CHandshakeResponse.lambda$errorHandler$0(W3CHandshakeResponse.java:62)\n\tat org.openqa.selenium.remote.HandshakeResponse.lambda$getResponseFunction$0(HandshakeResponse.java:30)\n\tat org.openqa.selenium.remote.ProtocolHandshake.lambda$createSession$1(ProtocolHandshake.java:126)\n\tat java.util.stream.ReferencePipeline$3$1.accept(ReferencePipeline.java:193)\n\tat java.util.Spliterators$ArraySpliterator.tryAdvance(Spliterators.java:958)\n\tat java.util.stream.ReferencePipeline.forEachWithCancel(ReferencePipeline.java:126)\n\tat java.util.stream.AbstractPipeline.copyIntoWithCancel(AbstractPipeline.java:499)\n\tat java.util.stream.AbstractPipeline.copyInto(AbstractPipeline.java:486)\n\tat java.util.stream.AbstractPipeline.wrapAndCopyInto(AbstractPipeline.java:472)\n\tat java.util.stream.FindOps$FindOp.evaluateSequential(FindOps.java:152)\n\tat java.util.stream.AbstractPipeline.evaluate(AbstractPipeline.java:234)\n\tat java.util.stream.ReferencePipeline.findFirst(ReferencePipeline.java:531)\n\tat org.openqa.selenium.remote.ProtocolHandshake.createSession(ProtocolHandshake.java:128)\n\tat org.openqa.selenium.remote.ProtocolHandshake.createSession(ProtocolHandshake.java:75)\n\tat org.openqa.selenium.remote.HttpCommandExecutor.execute(HttpCommandExecutor.java:139)\n\tat org.openqa.selenium.remote.service.DriverCommandExecutor.execute(DriverCommandExecutor.java:83)\n\tat org.openqa.selenium.remote.RemoteWebDriver.execute(RemoteWebDriver.java:582)\n\tat org.openqa.selenium.remote.RemoteWebDriver.startSession(RemoteWebDriver.java:216)\n\tat org.openqa.selenium.remote.RemoteWebDriver.<init>(RemoteWebDriver.java:136)\n\tat org.openqa.selenium.chromium.ChromiumDriver.<init>(ChromiumDriver.java:75)\n\tat org.openqa.selenium.chrome.ChromeDriver.<init>(ChromeDriver.java:163)\n\tat org.openqa.selenium.chrome.ChromeDriver.<init>(ChromeDriver.java:150)\n\tat org.openqa.selenium.chrome.ChromeDriver.<init>(ChromeDriver.java:105)\n\tat stepDefs.LogoutSteps.lambda$new$0(LogoutSteps.java:26)\n","duration":209000000,"status":"failed"},"match":{"location":"stepDefs.LogoutSteps.<init>(LogoutSteps.java:23)"}},{"result":{"error_message":"org.openqa.selenium.WebDriverException: unknown error: Chrome failed to start: crashed.\n  (unknown error: DevToolsActivePort file doesn't exist)\n  (The process started from chrome location /usr/bin/google-chrome is no longer running, so ChromeDriver is assuming that Chrome has crashed.)\nBuild info: version: '4.0.0-alpha-5', revision: 'b3a0d621cc'\nSystem info: host: 'LinuxSecurity', ip: '127.0.0.1', os.name: 'Linux', os.arch: 'amd64', os.version: '5.14.0-9parrot1-amd64', java.version: '1.8.0_312'\nDriver info: driver.version: ChromeDriver\nremote stacktrace: #0 0x556d1ba89ee3 <unknown>\n#1 0x556d1b557608 <unknown>\n#2 0x556d1b57a8ef <unknown>\n#3 0x556d1b57646f <unknown>\n#4 0x556d1b5b0f45 <unknown>\n#5 0x556d1b5ab163 <unknown>\n#6 0x556d1b580bfc <unknown>\n#7 0x556d1b581c05 <unknown>\n#8 0x556d1babbbaa <unknown>\n#9 0x556d1bad1651 <unknown>\n#10 0x556d1babcb05 <unknown>\n#11 0x556d1bad2a68 <unknown>\n#12 0x556d1bab105f <unknown>\n#13 0x556d1baed818 <unknown>\n#14 0x556d1baed998 <unknown>\n#15 0x556d1bb08eed <unknown>\n#16 0x7f271adfbea7 <unknown>\n\n\tat sun.reflect.NativeConstructorAccessorImpl.newInstance0(Native Method)\n\tat sun.reflect.NativeConstructorAccessorImpl.newInstance(NativeConstructorAccessorImpl.java:62)\n\tat sun.reflect.DelegatingConstructorAccessorImpl.newInstance(DelegatingConstructorAccessorImpl.java:45)\n\tat java.lang.reflect.Constructor.newInstance(Constructor.java:423)\n\tat org.openqa.selenium.remote.W3CHandshakeResponse.lambda$errorHandler$0(W3CHandshakeResponse.java:62)\n\tat org.openqa.selenium.remote.HandshakeResponse.lambda$getResponseFunction$0(HandshakeResponse.java:30)\n\tat org.openqa.selenium.remote.ProtocolHandshake.lambda$createSession$1(ProtocolHandshake.java:126)\n\tat java.util.stream.ReferencePipeline$3$1.accept(ReferencePipeline.java:193)\n\tat java.util.Spliterators$ArraySpliterator.tryAdvance(Spliterators.java:958)\n\tat java.util.stream.ReferencePipeline.forEachWithCancel(ReferencePipeline.java:126)\n\tat java.util.stream.AbstractPipeline.copyIntoWithCancel(AbstractPipeline.java:499)\n\tat java.util.stream.AbstractPipeline.copyInto(AbstractPipeline.java:486)\n\tat java.util.stream.AbstractPipeline.wrapAndCopyInto(AbstractPipeline.java:472)\n\tat java.util.stream.FindOps$FindOp.evaluateSequential(FindOps.java:152)\n\tat java.util.stream.AbstractPipeline.evaluate(AbstractPipeline.java:234)\n\tat java.util.stream.ReferencePipeline.findFirst(ReferencePipeline.java:531)\n\tat org.openqa.selenium.remote.ProtocolHandshake.createSession(ProtocolHandshake.java:128)\n\tat org.openqa.selenium.remote.ProtocolHandshake.createSession(ProtocolHandshake.java:75)\n\tat org.openqa.selenium.remote.HttpCommandExecutor.execute(HttpCommandExecutor.java:139)\n\tat org.openqa.selenium.remote.service.DriverCommandExecutor.execute(DriverCommandExecutor.java:83)\n\tat org.openqa.selenium.remote.RemoteWebDriver.execute(RemoteWebDriver.java:582)\n\tat org.openqa.selenium.remote.RemoteWebDriver.startSession(RemoteWebDriver.java:216)\n\tat org.openqa.selenium.remote.RemoteWebDriver.<init>(RemoteWebDriver.java:136)\n\tat org.openqa.selenium.chromium.ChromiumDriver.<init>(ChromiumDriver.java:75)\n\tat org.openqa.selenium.chrome.ChromeDriver.<init>(ChromeDriver.java:163)\n\tat org.openqa.selenium.chrome.ChromeDriver.<init>(ChromeDriver.java:150)\n\tat org.openqa.selenium.chrome.ChromeDriver.<init>(ChromeDriver.java:105)\n\tat stepDefs.RemoveSteps.lambda$new$0(RemoveSteps.java:29)\n","duration":145000000,"status":"failed"},"match":{"location":"stepDefs.RemoveSteps.<init>(RemoveSteps.java:26)"}},{"result":{"error_message":"org.openqa.selenium.WebDriverException: unknown error: Chrome failed to start: crashed.\n  (unknown error: DevToolsActivePort file doesn't exist)\n  (The process started from chrome location /usr/bin/google-chrome is no longer running, so ChromeDriver is assuming that Chrome has crashed.)\nBuild info: version: '4.0.0-alpha-5', revision: 'b3a0d621cc'\nSystem info: host: 'LinuxSecurity', ip: '127.0.0.1', os.name: 'Linux', os.arch: 'amd64', os.version: '5.14.0-9parrot1-amd64', java.version: '1.8.0_312'\nDriver info: driver.version: ChromeDriver\nremote stacktrace: #0 0x559ac1bd3ee3 <unknown>\n#1 0x559ac16a1608 <unknown>\n#2 0x559ac16c48ef <unknown>\n#3 0x559ac16c046f <unknown>\n#4 0x559ac16faf45 <unknown>\n#5 0x559ac16f5163 <unknown>\n#6 0x559ac16cabfc <unknown>\n#7 0x559ac16cbc05 <unknown>\n#8 0x559ac1c05baa <unknown>\n#9 0x559ac1c1b651 <unknown>\n#10 0x559ac1c06b05 <unknown>\n#11 0x559ac1c1ca68 <unknown>\n#12 0x559ac1bfb05f <unknown>\n#13 0x559ac1c37818 <unknown>\n#14 0x559ac1c37998 <unknown>\n#15 0x559ac1c52eed <unknown>\n#16 0x7fc48ed48ea7 <unknown>\n\n\tat sun.reflect.NativeConstructorAccessorImpl.newInstance0(Native Method)\n\tat sun.reflect.NativeConstructorAccessorImpl.newInstance(NativeConstructorAccessorImpl.java:62)\n\tat sun.reflect.DelegatingConstructorAccessorImpl.newInstance(DelegatingConstructorAccessorImpl.java:45)\n\tat java.lang.reflect.Constructor.newInstance(Constructor.java:423)\n\tat org.openqa.selenium.remote.W3CHandshakeResponse.lambda$errorHandler$0(W3CHandshakeResponse.java:62)\n\tat org.openqa.selenium.remote.HandshakeResponse.lambda$getResponseFunction$0(HandshakeResponse.java:30)\n\tat org.openqa.selenium.remote.ProtocolHandshake.lambda$createSession$1(ProtocolHandshake.java:126)\n\tat java.util.stream.ReferencePipeline$3$1.accept(ReferencePipeline.java:193)\n\tat java.util.Spliterators$ArraySpliterator.tryAdvance(Spliterators.java:958)\n\tat java.util.stream.ReferencePipeline.forEachWithCancel(ReferencePipeline.java:126)\n\tat java.util.stream.AbstractPipeline.copyIntoWithCancel(AbstractPipeline.java:499)\n\tat java.util.stream.AbstractPipeline.copyInto(AbstractPipeline.java:486)\n\tat java.util.stream.AbstractPipeline.wrapAndCopyInto(AbstractPipeline.java:472)\n\tat java.util.stream.FindOps$FindOp.evaluateSequential(FindOps.java:152)\n\tat java.util.stream.AbstractPipeline.evaluate(AbstractPipeline.java:234)\n\tat java.util.stream.ReferencePipeline.findFirst(ReferencePipeline.java:531)\n\tat org.openqa.selenium.remote.ProtocolHandshake.createSession(ProtocolHandshake.java:128)\n\tat org.openqa.selenium.remote.ProtocolHandshake.createSession(ProtocolHandshake.java:75)\n\tat org.openqa.selenium.remote.HttpCommandExecutor.execute(HttpCommandExecutor.java:139)\n\tat org.openqa.selenium.remote.service.DriverCommandExecutor.execute(DriverCommandExecutor.java:83)\n\tat org.openqa.selenium.remote.RemoteWebDriver.execute(RemoteWebDriver.java:582)\n\tat org.openqa.selenium.remote.RemoteWebDriver.startSession(RemoteWebDriver.java:216)\n\tat org.openqa.selenium.remote.RemoteWebDriver.<init>(RemoteWebDriver.java:136)\n\tat org.openqa.selenium.chromium.ChromiumDriver.<init>(ChromiumDriver.java:75)\n\tat org.openqa.selenium.chrome.ChromeDriver.<init>(ChromeDriver.java:163)\n\tat org.openqa.selenium.chrome.ChromeDriver.<init>(ChromeDriver.java:150)\n\tat org.openqa.selenium.chrome.ChromeDriver.<init>(ChromeDriver.java:105)\n\tat stepDefs.AddSteps.lambda$new$0(AddSteps.java:27)\n","duration":202000000,"status":"failed"},"match":{"location":"stepDefs.AddSteps.<init>(AddSteps.java:24)"}}],"line":9,"name":"Perform a product search","description":"","id":"as-a-glisshop-user-i-want-to-search-products;perform-a-product-search;;2","after":[{"result":{"error_message":"java.lang.NullPointerException\n\tat stepDefs.SignUpSteps.lambda$new$1(SignUpSteps.java:36)\n","status":"failed"},"match":{"location":"stepDefs.SignUpSteps.<init>(SignUpSteps.java:35)"}}],"type":"scenario","keyword":"Scenario Outline","steps":[{"result":{"status":"skipped"},"line":4,"name":"user is on the search bar","match":{"location":"stepDefs.SearchSteps.<init>(SearchSteps.java:39)"},"keyword":"Given "},{"result":{"status":"skipped"},"line":5,"name":"user look for the product sac","match":{"arguments":[{"val":"sac","offset":26}],"location":"stepDefs.SearchSteps.<init>(SearchSteps.java:44)"},"keyword":"When "},{"result":{"status":"skipped"},"line":6,"name":"the products are displayed to him","match":{"arguments":[{"val":"","offset":16}],"location":"stepDefs.SearchSteps.<init>(SearchSteps.java:49)"},"keyword":"Then "}],"tags":[{"name":"@search"}]}],"name":"As a glisshop user I want to search products","description":"","id":"as-a-glisshop-user-i-want-to-search-products","keyword":"Feature","uri":"file:src/test/res/Csearch.feature","tags":[{"name":"@search","type":"Tag","location":{"line":1,"column":1}}]},{"line":2,"elements":[{"start_timestamp":"2022-02-03T14:11:49.483Z","before":[{"result":{"error_message":"org.openqa.selenium.WebDriverException: unknown error: Chrome failed to start: crashed.\n  (unknown error: DevToolsActivePort file doesn't exist)\n  (The process started from chrome location /usr/bin/google-chrome is no longer running, so ChromeDriver is assuming that Chrome has crashed.)\nBuild info: version: '4.0.0-alpha-5', revision: 'b3a0d621cc'\nSystem info: host: 'LinuxSecurity', ip: '127.0.0.1', os.name: 'Linux', os.arch: 'amd64', os.version: '5.14.0-9parrot1-amd64', java.version: '1.8.0_312'\nDriver info: driver.version: ChromeDriver\nremote stacktrace: #0 0x561a55d85ee3 <unknown>\n#1 0x561a55853608 <unknown>\n#2 0x561a558768ef <unknown>\n#3 0x561a5587246f <unknown>\n#4 0x561a558acf45 <unknown>\n#5 0x561a558a7163 <unknown>\n#6 0x561a5587cbfc <unknown>\n#7 0x561a5587dc05 <unknown>\n#8 0x561a55db7baa <unknown>\n#9 0x561a55dcd651 <unknown>\n#10 0x561a55db8b05 <unknown>\n#11 0x561a55dcea68 <unknown>\n#12 0x561a55dad05f <unknown>\n#13 0x561a55de9818 <unknown>\n#14 0x561a55de9998 <unknown>\n#15 0x561a55e04eed <unknown>\n#16 0x7fa341279ea7 <unknown>\n\n\tat sun.reflect.NativeConstructorAccessorImpl.newInstance0(Native Method)\n\tat sun.reflect.NativeConstructorAccessorImpl.newInstance(NativeConstructorAccessorImpl.java:62)\n\tat sun.reflect.DelegatingConstructorAccessorImpl.newInstance(DelegatingConstructorAccessorImpl.java:45)\n\tat java.lang.reflect.Constructor.newInstance(Constructor.java:423)\n\tat org.openqa.selenium.remote.W3CHandshakeResponse.lambda$errorHandler$0(W3CHandshakeResponse.java:62)\n\tat org.openqa.selenium.remote.HandshakeResponse.lambda$getResponseFunction$0(HandshakeResponse.java:30)\n\tat org.openqa.selenium.remote.ProtocolHandshake.lambda$createSession$1(ProtocolHandshake.java:126)\n\tat java.util.stream.ReferencePipeline$3$1.accept(ReferencePipeline.java:193)\n\tat java.util.Spliterators$ArraySpliterator.tryAdvance(Spliterators.java:958)\n\tat java.util.stream.ReferencePipeline.forEachWithCancel(ReferencePipeline.java:126)\n\tat java.util.stream.AbstractPipeline.copyIntoWithCancel(AbstractPipeline.java:499)\n\tat java.util.stream.AbstractPipeline.copyInto(AbstractPipeline.java:486)\n\tat java.util.stream.AbstractPipeline.wrapAndCopyInto(AbstractPipeline.java:472)\n\tat java.util.stream.FindOps$FindOp.evaluateSequential(FindOps.java:152)\n\tat java.util.stream.AbstractPipeline.evaluate(AbstractPipeline.java:234)\n\tat java.util.stream.ReferencePipeline.findFirst(ReferencePipeline.java:531)\n\tat org.openqa.selenium.remote.ProtocolHandshake.createSession(ProtocolHandshake.java:128)\n\tat org.openqa.selenium.remote.ProtocolHandshake.createSession(ProtocolHandshake.java:75)\n\tat org.openqa.selenium.remote.HttpCommandExecutor.execute(HttpCommandExecutor.java:139)\n\tat org.openqa.selenium.remote.service.DriverCommandExecutor.execute(DriverCommandExecutor.java:83)\n\tat org.openqa.selenium.remote.RemoteWebDriver.execute(RemoteWebDriver.java:582)\n\tat org.openqa.selenium.remote.RemoteWebDriver.startSession(RemoteWebDriver.java:216)\n\tat org.openqa.selenium.remote.RemoteWebDriver.<init>(RemoteWebDriver.java:136)\n\tat org.openqa.selenium.chromium.ChromiumDriver.<init>(ChromiumDriver.java:75)\n\tat org.openqa.selenium.chrome.ChromeDriver.<init>(ChromeDriver.java:163)\n\tat org.openqa.selenium.chrome.ChromeDriver.<init>(ChromeDriver.java:150)\n\tat org.openqa.selenium.chrome.ChromeDriver.<init>(ChromeDriver.java:105)\n\tat stepDefs.SignInSteps.lambda$new$0(SignInSteps.java:27)\n","duration":156000000,"status":"failed"},"match":{"location":"stepDefs.SignInSteps.<init>(SignInSteps.java:24)"}},{"result":{"error_message":"org.openqa.selenium.WebDriverException: unknown error: Chrome failed to start: crashed.\n  (unknown error: DevToolsActivePort file doesn't exist)\n  (The process started from chrome location /usr/bin/google-chrome is no longer running, so ChromeDriver is assuming that Chrome has crashed.)\nBuild info: version: '4.0.0-alpha-5', revision: 'b3a0d621cc'\nSystem info: host: 'LinuxSecurity', ip: '127.0.0.1', os.name: 'Linux', os.arch: 'amd64', os.version: '5.14.0-9parrot1-amd64', java.version: '1.8.0_312'\nDriver info: driver.version: ChromeDriver\nremote stacktrace: #0 0x5594da7adee3 <unknown>\n#1 0x5594da27b608 <unknown>\n#2 0x5594da29e8ef <unknown>\n#3 0x5594da29a46f <unknown>\n#4 0x5594da2d4f45 <unknown>\n#5 0x5594da2cf163 <unknown>\n#6 0x5594da2a4bfc <unknown>\n#7 0x5594da2a5c05 <unknown>\n#8 0x5594da7dfbaa <unknown>\n#9 0x5594da7f5651 <unknown>\n#10 0x5594da7e0b05 <unknown>\n#11 0x5594da7f6a68 <unknown>\n#12 0x5594da7d505f <unknown>\n#13 0x5594da811818 <unknown>\n#14 0x5594da811998 <unknown>\n#15 0x5594da82ceed <unknown>\n#16 0x7f81320fbea7 <unknown>\n\n\tat sun.reflect.NativeConstructorAccessorImpl.newInstance0(Native Method)\n\tat sun.reflect.NativeConstructorAccessorImpl.newInstance(NativeConstructorAccessorImpl.java:62)\n\tat sun.reflect.DelegatingConstructorAccessorImpl.newInstance(DelegatingConstructorAccessorImpl.java:45)\n\tat java.lang.reflect.Constructor.newInstance(Constructor.java:423)\n\tat org.openqa.selenium.remote.W3CHandshakeResponse.lambda$errorHandler$0(W3CHandshakeResponse.java:62)\n\tat org.openqa.selenium.remote.HandshakeResponse.lambda$getResponseFunction$0(HandshakeResponse.java:30)\n\tat org.openqa.selenium.remote.ProtocolHandshake.lambda$createSession$1(ProtocolHandshake.java:126)\n\tat java.util.stream.ReferencePipeline$3$1.accept(ReferencePipeline.java:193)\n\tat java.util.Spliterators$ArraySpliterator.tryAdvance(Spliterators.java:958)\n\tat java.util.stream.ReferencePipeline.forEachWithCancel(ReferencePipeline.java:126)\n\tat java.util.stream.AbstractPipeline.copyIntoWithCancel(AbstractPipeline.java:499)\n\tat java.util.stream.AbstractPipeline.copyInto(AbstractPipeline.java:486)\n\tat java.util.stream.AbstractPipeline.wrapAndCopyInto(AbstractPipeline.java:472)\n\tat java.util.stream.FindOps$FindOp.evaluateSequential(FindOps.java:152)\n\tat java.util.stream.AbstractPipeline.evaluate(AbstractPipeline.java:234)\n\tat java.util.stream.ReferencePipeline.findFirst(ReferencePipeline.java:531)\n\tat org.openqa.selenium.remote.ProtocolHandshake.createSession(ProtocolHandshake.java:128)\n\tat org.openqa.selenium.remote.ProtocolHandshake.createSession(ProtocolHandshake.java:75)\n\tat org.openqa.selenium.remote.HttpCommandExecutor.execute(HttpCommandExecutor.java:139)\n\tat org.openqa.selenium.remote.service.DriverCommandExecutor.execute(DriverCommandExecutor.java:83)\n\tat org.openqa.selenium.remote.RemoteWebDriver.execute(RemoteWebDriver.java:582)\n\tat org.openqa.selenium.remote.RemoteWebDriver.startSession(RemoteWebDriver.java:216)\n\tat org.openqa.selenium.remote.RemoteWebDriver.<init>(RemoteWebDriver.java:136)\n\tat org.openqa.selenium.chromium.ChromiumDriver.<init>(ChromiumDriver.java:75)\n\tat org.openqa.selenium.chrome.ChromeDriver.<init>(ChromeDriver.java:163)\n\tat org.openqa.selenium.chrome.ChromeDriver.<init>(ChromeDriver.java:150)\n\tat org.openqa.selenium.chrome.ChromeDriver.<init>(ChromeDriver.java:105)\n\tat stepDefs.SignUpSteps.lambda$new$0(SignUpSteps.java:28)\n","duration":145000000,"status":"failed"},"match":{"location":"stepDefs.SignUpSteps.<init>(SignUpSteps.java:25)"}},{"result":{"error_message":"org.openqa.selenium.WebDriverException: unknown error: Chrome failed to start: crashed.\n  (unknown error: DevToolsActivePort file doesn't exist)\n  (The process started from chrome location /usr/bin/google-chrome is no longer running, so ChromeDriver is assuming that Chrome has crashed.)\nBuild info: version: '4.0.0-alpha-5', revision: 'b3a0d621cc'\nSystem info: host: 'LinuxSecurity', ip: '127.0.0.1', os.name: 'Linux', os.arch: 'amd64', os.version: '5.14.0-9parrot1-amd64', java.version: '1.8.0_312'\nDriver info: driver.version: ChromeDriver\nremote stacktrace: #0 0x558eae151ee3 <unknown>\n#1 0x558eadc1f608 <unknown>\n#2 0x558eadc428ef <unknown>\n#3 0x558eadc3e46f <unknown>\n#4 0x558eadc78f45 <unknown>\n#5 0x558eadc73163 <unknown>\n#6 0x558eadc48bfc <unknown>\n#7 0x558eadc49c05 <unknown>\n#8 0x558eae183baa <unknown>\n#9 0x558eae199651 <unknown>\n#10 0x558eae184b05 <unknown>\n#11 0x558eae19aa68 <unknown>\n#12 0x558eae17905f <unknown>\n#13 0x558eae1b5818 <unknown>\n#14 0x558eae1b5998 <unknown>\n#15 0x558eae1d0eed <unknown>\n#16 0x7efc166c5ea7 <unknown>\n\n\tat sun.reflect.NativeConstructorAccessorImpl.newInstance0(Native Method)\n\tat sun.reflect.NativeConstructorAccessorImpl.newInstance(NativeConstructorAccessorImpl.java:62)\n\tat sun.reflect.DelegatingConstructorAccessorImpl.newInstance(DelegatingConstructorAccessorImpl.java:45)\n\tat java.lang.reflect.Constructor.newInstance(Constructor.java:423)\n\tat org.openqa.selenium.remote.W3CHandshakeResponse.lambda$errorHandler$0(W3CHandshakeResponse.java:62)\n\tat org.openqa.selenium.remote.HandshakeResponse.lambda$getResponseFunction$0(HandshakeResponse.java:30)\n\tat org.openqa.selenium.remote.ProtocolHandshake.lambda$createSession$1(ProtocolHandshake.java:126)\n\tat java.util.stream.ReferencePipeline$3$1.accept(ReferencePipeline.java:193)\n\tat java.util.Spliterators$ArraySpliterator.tryAdvance(Spliterators.java:958)\n\tat java.util.stream.ReferencePipeline.forEachWithCancel(ReferencePipeline.java:126)\n\tat java.util.stream.AbstractPipeline.copyIntoWithCancel(AbstractPipeline.java:499)\n\tat java.util.stream.AbstractPipeline.copyInto(AbstractPipeline.java:486)\n\tat java.util.stream.AbstractPipeline.wrapAndCopyInto(AbstractPipeline.java:472)\n\tat java.util.stream.FindOps$FindOp.evaluateSequential(FindOps.java:152)\n\tat java.util.stream.AbstractPipeline.evaluate(AbstractPipeline.java:234)\n\tat java.util.stream.ReferencePipeline.findFirst(ReferencePipeline.java:531)\n\tat org.openqa.selenium.remote.ProtocolHandshake.createSession(ProtocolHandshake.java:128)\n\tat org.openqa.selenium.remote.ProtocolHandshake.createSession(ProtocolHandshake.java:75)\n\tat org.openqa.selenium.remote.HttpCommandExecutor.execute(HttpCommandExecutor.java:139)\n\tat org.openqa.selenium.remote.service.DriverCommandExecutor.execute(DriverCommandExecutor.java:83)\n\tat org.openqa.selenium.remote.RemoteWebDriver.execute(RemoteWebDriver.java:582)\n\tat org.openqa.selenium.remote.RemoteWebDriver.startSession(RemoteWebDriver.java:216)\n\tat org.openqa.selenium.remote.RemoteWebDriver.<init>(RemoteWebDriver.java:136)\n\tat org.openqa.selenium.chromium.ChromiumDriver.<init>(ChromiumDriver.java:75)\n\tat org.openqa.selenium.chrome.ChromeDriver.<init>(ChromeDriver.java:163)\n\tat org.openqa.selenium.chrome.ChromeDriver.<init>(ChromeDriver.java:150)\n\tat org.openqa.selenium.chrome.ChromeDriver.<init>(ChromeDriver.java:105)\n\tat stepDefs.SearchSteps.lambda$new$0(SearchSteps.java:27)\n","duration":151000000,"status":"failed"},"match":{"location":"stepDefs.SearchSteps.<init>(SearchSteps.java:24)"}},{"result":{"error_message":"org.openqa.selenium.WebDriverException: unknown error: Chrome failed to start: crashed.\n  (unknown error: DevToolsActivePort file doesn't exist)\n  (The process started from chrome location /usr/bin/google-chrome is no longer running, so ChromeDriver is assuming that Chrome has crashed.)\nBuild info: version: '4.0.0-alpha-5', revision: 'b3a0d621cc'\nSystem info: host: 'LinuxSecurity', ip: '127.0.0.1', os.name: 'Linux', os.arch: 'amd64', os.version: '5.14.0-9parrot1-amd64', java.version: '1.8.0_312'\nDriver info: driver.version: ChromeDriver\nremote stacktrace: #0 0x565468b7eee3 <unknown>\n#1 0x56546864c608 <unknown>\n#2 0x56546866f8ef <unknown>\n#3 0x56546866b46f <unknown>\n#4 0x5654686a5f45 <unknown>\n#5 0x5654686a0163 <unknown>\n#6 0x565468675bfc <unknown>\n#7 0x565468676c05 <unknown>\n#8 0x565468bb0baa <unknown>\n#9 0x565468bc6651 <unknown>\n#10 0x565468bb1b05 <unknown>\n#11 0x565468bc7a68 <unknown>\n#12 0x565468ba605f <unknown>\n#13 0x565468be2818 <unknown>\n#14 0x565468be2998 <unknown>\n#15 0x565468bfdeed <unknown>\n#16 0x7f328fc28ea7 <unknown>\n\n\tat sun.reflect.NativeConstructorAccessorImpl.newInstance0(Native Method)\n\tat sun.reflect.NativeConstructorAccessorImpl.newInstance(NativeConstructorAccessorImpl.java:62)\n\tat sun.reflect.DelegatingConstructorAccessorImpl.newInstance(DelegatingConstructorAccessorImpl.java:45)\n\tat java.lang.reflect.Constructor.newInstance(Constructor.java:423)\n\tat org.openqa.selenium.remote.W3CHandshakeResponse.lambda$errorHandler$0(W3CHandshakeResponse.java:62)\n\tat org.openqa.selenium.remote.HandshakeResponse.lambda$getResponseFunction$0(HandshakeResponse.java:30)\n\tat org.openqa.selenium.remote.ProtocolHandshake.lambda$createSession$1(ProtocolHandshake.java:126)\n\tat java.util.stream.ReferencePipeline$3$1.accept(ReferencePipeline.java:193)\n\tat java.util.Spliterators$ArraySpliterator.tryAdvance(Spliterators.java:958)\n\tat java.util.stream.ReferencePipeline.forEachWithCancel(ReferencePipeline.java:126)\n\tat java.util.stream.AbstractPipeline.copyIntoWithCancel(AbstractPipeline.java:499)\n\tat java.util.stream.AbstractPipeline.copyInto(AbstractPipeline.java:486)\n\tat java.util.stream.AbstractPipeline.wrapAndCopyInto(AbstractPipeline.java:472)\n\tat java.util.stream.FindOps$FindOp.evaluateSequential(FindOps.java:152)\n\tat java.util.stream.AbstractPipeline.evaluate(AbstractPipeline.java:234)\n\tat java.util.stream.ReferencePipeline.findFirst(ReferencePipeline.java:531)\n\tat org.openqa.selenium.remote.ProtocolHandshake.createSession(ProtocolHandshake.java:128)\n\tat org.openqa.selenium.remote.ProtocolHandshake.createSession(ProtocolHandshake.java:75)\n\tat org.openqa.selenium.remote.HttpCommandExecutor.execute(HttpCommandExecutor.java:139)\n\tat org.openqa.selenium.remote.service.DriverCommandExecutor.execute(DriverCommandExecutor.java:83)\n\tat org.openqa.selenium.remote.RemoteWebDriver.execute(RemoteWebDriver.java:582)\n\tat org.openqa.selenium.remote.RemoteWebDriver.startSession(RemoteWebDriver.java:216)\n\tat org.openqa.selenium.remote.RemoteWebDriver.<init>(RemoteWebDriver.java:136)\n\tat org.openqa.selenium.chromium.ChromiumDriver.<init>(ChromiumDriver.java:75)\n\tat org.openqa.selenium.chrome.ChromeDriver.<init>(ChromeDriver.java:163)\n\tat org.openqa.selenium.chrome.ChromeDriver.<init>(ChromeDriver.java:150)\n\tat org.openqa.selenium.chrome.ChromeDriver.<init>(ChromeDriver.java:105)\n\tat stepDefs.LogoutSteps.lambda$new$0(LogoutSteps.java:26)\n","duration":163000000,"status":"failed"},"match":{"location":"stepDefs.LogoutSteps.<init>(LogoutSteps.java:23)"}},{"result":{"error_message":"org.openqa.selenium.WebDriverException: unknown error: Chrome failed to start: crashed.\n  (unknown error: DevToolsActivePort file doesn't exist)\n  (The process started from chrome location /usr/bin/google-chrome is no longer running, so ChromeDriver is assuming that Chrome has crashed.)\nBuild info: version: '4.0.0-alpha-5', revision: 'b3a0d621cc'\nSystem info: host: 'LinuxSecurity', ip: '127.0.0.1', os.name: 'Linux', os.arch: 'amd64', os.version: '5.14.0-9parrot1-amd64', java.version: '1.8.0_312'\nDriver info: driver.version: ChromeDriver\nremote stacktrace: #0 0x564c46715ee3 <unknown>\n#1 0x564c461e3608 <unknown>\n#2 0x564c462068ef <unknown>\n#3 0x564c4620246f <unknown>\n#4 0x564c4623cf45 <unknown>\n#5 0x564c46237163 <unknown>\n#6 0x564c4620cbfc <unknown>\n#7 0x564c4620dc05 <unknown>\n#8 0x564c46747baa <unknown>\n#9 0x564c4675d651 <unknown>\n#10 0x564c46748b05 <unknown>\n#11 0x564c4675ea68 <unknown>\n#12 0x564c4673d05f <unknown>\n#13 0x564c46779818 <unknown>\n#14 0x564c46779998 <unknown>\n#15 0x564c46794eed <unknown>\n#16 0x7f64bfabcea7 <unknown>\n\n\tat sun.reflect.NativeConstructorAccessorImpl.newInstance0(Native Method)\n\tat sun.reflect.NativeConstructorAccessorImpl.newInstance(NativeConstructorAccessorImpl.java:62)\n\tat sun.reflect.DelegatingConstructorAccessorImpl.newInstance(DelegatingConstructorAccessorImpl.java:45)\n\tat java.lang.reflect.Constructor.newInstance(Constructor.java:423)\n\tat org.openqa.selenium.remote.W3CHandshakeResponse.lambda$errorHandler$0(W3CHandshakeResponse.java:62)\n\tat org.openqa.selenium.remote.HandshakeResponse.lambda$getResponseFunction$0(HandshakeResponse.java:30)\n\tat org.openqa.selenium.remote.ProtocolHandshake.lambda$createSession$1(ProtocolHandshake.java:126)\n\tat java.util.stream.ReferencePipeline$3$1.accept(ReferencePipeline.java:193)\n\tat java.util.Spliterators$ArraySpliterator.tryAdvance(Spliterators.java:958)\n\tat java.util.stream.ReferencePipeline.forEachWithCancel(ReferencePipeline.java:126)\n\tat java.util.stream.AbstractPipeline.copyIntoWithCancel(AbstractPipeline.java:499)\n\tat java.util.stream.AbstractPipeline.copyInto(AbstractPipeline.java:486)\n\tat java.util.stream.AbstractPipeline.wrapAndCopyInto(AbstractPipeline.java:472)\n\tat java.util.stream.FindOps$FindOp.evaluateSequential(FindOps.java:152)\n\tat java.util.stream.AbstractPipeline.evaluate(AbstractPipeline.java:234)\n\tat java.util.stream.ReferencePipeline.findFirst(ReferencePipeline.java:531)\n\tat org.openqa.selenium.remote.ProtocolHandshake.createSession(ProtocolHandshake.java:128)\n\tat org.openqa.selenium.remote.ProtocolHandshake.createSession(ProtocolHandshake.java:75)\n\tat org.openqa.selenium.remote.HttpCommandExecutor.execute(HttpCommandExecutor.java:139)\n\tat org.openqa.selenium.remote.service.DriverCommandExecutor.execute(DriverCommandExecutor.java:83)\n\tat org.openqa.selenium.remote.RemoteWebDriver.execute(RemoteWebDriver.java:582)\n\tat org.openqa.selenium.remote.RemoteWebDriver.startSession(RemoteWebDriver.java:216)\n\tat org.openqa.selenium.remote.RemoteWebDriver.<init>(RemoteWebDriver.java:136)\n\tat org.openqa.selenium.chromium.ChromiumDriver.<init>(ChromiumDriver.java:75)\n\tat org.openqa.selenium.chrome.ChromeDriver.<init>(ChromeDriver.java:163)\n\tat org.openqa.selenium.chrome.ChromeDriver.<init>(ChromeDriver.java:150)\n\tat org.openqa.selenium.chrome.ChromeDriver.<init>(ChromeDriver.java:105)\n\tat stepDefs.RemoveSteps.lambda$new$0(RemoveSteps.java:29)\n","duration":141000000,"status":"failed"},"match":{"location":"stepDefs.RemoveSteps.<init>(RemoveSteps.java:26)"}},{"result":{"error_message":"org.openqa.selenium.WebDriverException: unknown error: Chrome failed to start: crashed.\n  (unknown error: DevToolsActivePort file doesn't exist)\n  (The process started from chrome location /usr/bin/google-chrome is no longer running, so ChromeDriver is assuming that Chrome has crashed.)\nBuild info: version: '4.0.0-alpha-5', revision: 'b3a0d621cc'\nSystem info: host: 'LinuxSecurity', ip: '127.0.0.1', os.name: 'Linux', os.arch: 'amd64', os.version: '5.14.0-9parrot1-amd64', java.version: '1.8.0_312'\nDriver info: driver.version: ChromeDriver\nremote stacktrace: #0 0x56230bbbaee3 <unknown>\n#1 0x56230b688608 <unknown>\n#2 0x56230b6ab8ef <unknown>\n#3 0x56230b6a746f <unknown>\n#4 0x56230b6e1f45 <unknown>\n#5 0x56230b6dc163 <unknown>\n#6 0x56230b6b1bfc <unknown>\n#7 0x56230b6b2c05 <unknown>\n#8 0x56230bbecbaa <unknown>\n#9 0x56230bc02651 <unknown>\n#10 0x56230bbedb05 <unknown>\n#11 0x56230bc03a68 <unknown>\n#12 0x56230bbe205f <unknown>\n#13 0x56230bc1e818 <unknown>\n#14 0x56230bc1e998 <unknown>\n#15 0x56230bc39eed <unknown>\n#16 0x7f927e137ea7 <unknown>\n\n\tat sun.reflect.NativeConstructorAccessorImpl.newInstance0(Native Method)\n\tat sun.reflect.NativeConstructorAccessorImpl.newInstance(NativeConstructorAccessorImpl.java:62)\n\tat sun.reflect.DelegatingConstructorAccessorImpl.newInstance(DelegatingConstructorAccessorImpl.java:45)\n\tat java.lang.reflect.Constructor.newInstance(Constructor.java:423)\n\tat org.openqa.selenium.remote.W3CHandshakeResponse.lambda$errorHandler$0(W3CHandshakeResponse.java:62)\n\tat org.openqa.selenium.remote.HandshakeResponse.lambda$getResponseFunction$0(HandshakeResponse.java:30)\n\tat org.openqa.selenium.remote.ProtocolHandshake.lambda$createSession$1(ProtocolHandshake.java:126)\n\tat java.util.stream.ReferencePipeline$3$1.accept(ReferencePipeline.java:193)\n\tat java.util.Spliterators$ArraySpliterator.tryAdvance(Spliterators.java:958)\n\tat java.util.stream.ReferencePipeline.forEachWithCancel(ReferencePipeline.java:126)\n\tat java.util.stream.AbstractPipeline.copyIntoWithCancel(AbstractPipeline.java:499)\n\tat java.util.stream.AbstractPipeline.copyInto(AbstractPipeline.java:486)\n\tat java.util.stream.AbstractPipeline.wrapAndCopyInto(AbstractPipeline.java:472)\n\tat java.util.stream.FindOps$FindOp.evaluateSequential(FindOps.java:152)\n\tat java.util.stream.AbstractPipeline.evaluate(AbstractPipeline.java:234)\n\tat java.util.stream.ReferencePipeline.findFirst(ReferencePipeline.java:531)\n\tat org.openqa.selenium.remote.ProtocolHandshake.createSession(ProtocolHandshake.java:128)\n\tat org.openqa.selenium.remote.ProtocolHandshake.createSession(ProtocolHandshake.java:75)\n\tat org.openqa.selenium.remote.HttpCommandExecutor.execute(HttpCommandExecutor.java:139)\n\tat org.openqa.selenium.remote.service.DriverCommandExecutor.execute(DriverCommandExecutor.java:83)\n\tat org.openqa.selenium.remote.RemoteWebDriver.execute(RemoteWebDriver.java:582)\n\tat org.openqa.selenium.remote.RemoteWebDriver.startSession(RemoteWebDriver.java:216)\n\tat org.openqa.selenium.remote.RemoteWebDriver.<init>(RemoteWebDriver.java:136)\n\tat org.openqa.selenium.chromium.ChromiumDriver.<init>(ChromiumDriver.java:75)\n\tat org.openqa.selenium.chrome.ChromeDriver.<init>(ChromeDriver.java:163)\n\tat org.openqa.selenium.chrome.ChromeDriver.<init>(ChromeDriver.java:150)\n\tat org.openqa.selenium.chrome.ChromeDriver.<init>(ChromeDriver.java:105)\n\tat stepDefs.AddSteps.lambda$new$0(AddSteps.java:27)\n","duration":250000000,"status":"failed"},"match":{"location":"stepDefs.AddSteps.<init>(AddSteps.java:24)"}}],"line":9,"name":"Logout of glisshop","description":"","id":"as-a-glisshop-user-i-want-to-logout;logout-of-glisshop;;2","after":[{"result":{"error_message":"java.lang.NullPointerException\n\tat stepDefs.SignUpSteps.lambda$new$1(SignUpSteps.java:36)\n","status":"failed"},"match":{"location":"stepDefs.SignUpSteps.<init>(SignUpSteps.java:35)"}}],"type":"scenario","keyword":"Scenario Outline","steps":[{"result":{"status":"skipped"},"line":4,"name":"user is logged in mawu@gmail.com Ferd@8918","match":{"arguments":[{"val":" mawu@gmail.com","offset":17},{"val":"Ferd@8918","offset":33}],"location":"stepDefs.LogoutSteps.<init>(LogoutSteps.java:35)"},"keyword":"Given "},{"result":{"duration":1000000,"status":"skipped"},"line":5,"name":"user is logout","match":{"location":"stepDefs.LogoutSteps.<init>(LogoutSteps.java:41)"},"keyword":"When "},{"result":{"status":"skipped"},"line":6,"name":"he should be at the home page","match":{"arguments":[{"val":"","offset":9}],"location":"stepDefs.LogoutSteps.<init>(LogoutSteps.java:47)"},"keyword":"Then "}],"tags":[{"name":"@logout"}]}],"name":"As a glisshop user I want to logout","description":"","id":"as-a-glisshop-user-i-want-to-logout","keyword":"Feature","uri":"file:src/test/res/Flogout.feature","tags":[{"name":"@logout","type":"Tag","location":{"line":1,"column":1}}]}]